{"uuid":"1c55021c-c6e8-49de-ab4e-22ec37557e39","historyId":"c9ad48af3b57e3e67abf435e57eb8ea0","fullName":"As a customer, I am loggin and I want to shop: Add product to cart","labels":[{"name":"tag","value":"TEST_OF-831"},{"name":"host","value":"LAPTOP-J82CM7TK"},{"name":"thread","value":"26432@LAPTOP-J82CM7TK.main(1)"},{"name":"feature","value":"As a customer, I am loggin and I want to shop"},{"name":"story","value":"Add product to cart"},{"name":"suite","value":"As a customer, I am loggin and I want to shop"},{"name":"testClass","value":"Add product to cart"},{"name":"framework","value":"cucumber4jvm"},{"name":"language","value":"java"},{"name":"gherkin_uri","value":"file:///C:/Users/Pawk69/Documents/Zenity-Offshore/Selenium/ZtrainWeb_Selenium/./src/test/resources/features/home.feature"},{"name":"package","value":"src.test.resources.features.home_feature.As a customer, I am loggin and I want to shop"}],"links":[],"name":"Add product to cart","status":"failed","statusDetails":{"known":false,"muted":false,"flaky":false,"message":"expected [true] but found [false]","trace":"java.lang.AssertionError: expected [true] but found [false]\r\n\tat org.testng.Assert.fail(Assert.java:110)\r\n\tat org.testng.Assert.failNotEquals(Assert.java:1413)\r\n\tat org.testng.Assert.assertTrue(Assert.java:56)\r\n\tat org.testng.Assert.assertTrue(Assert.java:66)\r\n\tat com.ztrain.steps.HomeSteps.theProductShouldBeVisibleInTheCard(HomeSteps.java:60)\r\n\tat ✽.The product should be visible in the card(file:///C:/Users/Pawk69/Documents/Zenity-Offshore/Selenium/ZtrainWeb_Selenium/./src/test/resources/features/home.feature:19)\r\n"},"stage":"finished","steps":[{"name":"Given  User is on the homepage","status":"passed","statusDetails":{"known":false,"muted":false,"flaky":false},"stage":"finished","steps":[],"attachments":[{"name":"Data table","source":"815e6d6e-91b7-487a-9de1-572af5df48ce-attachment.csv","type":"text/tab-separated-values"}],"parameters":[],"start":1653998497949,"stop":1653998504195},{"name":"When  User clicks on a product","status":"passed","statusDetails":{"known":false,"muted":false,"flaky":false},"stage":"finished","steps":[],"attachments":[],"parameters":[],"start":1653998504195,"stop":1653998508204},{"name":"And  User fill in the \"0\" of the product to add and validate","status":"passed","statusDetails":{"known":false,"muted":false,"flaky":false},"stage":"finished","steps":[],"attachments":[],"parameters":[],"start":1653998508205,"stop":1653998508579},{"name":"And  User clicks on card icon","status":"passed","statusDetails":{"known":false,"muted":false,"flaky":false},"stage":"finished","steps":[],"attachments":[],"parameters":[],"start":1653998508580,"stop":1653998510480},{"name":"Then  The product should be visible in the card","status":"failed","statusDetails":{"known":false,"muted":false,"flaky":false,"message":"expected [true] but found [false]","trace":"java.lang.AssertionError: expected [true] but found [false]\r\n\tat org.testng.Assert.fail(Assert.java:110)\r\n\tat org.testng.Assert.failNotEquals(Assert.java:1413)\r\n\tat org.testng.Assert.assertTrue(Assert.java:56)\r\n\tat org.testng.Assert.assertTrue(Assert.java:66)\r\n\tat com.ztrain.steps.HomeSteps.theProductShouldBeVisibleInTheCard(HomeSteps.java:60)\r\n\tat ✽.The product should be visible in the card(file:///C:/Users/Pawk69/Documents/Zenity-Offshore/Selenium/ZtrainWeb_Selenium/./src/test/resources/features/home.feature:19)\r\n"},"stage":"finished","steps":[],"attachments":[],"parameters":[],"start":1653998510481,"stop":1653998510502}],"attachments":[],"parameters":[{"name":"quantity","value":"0"}],"start":1653998497941,"stop":1653998510504}