{"uuid":"380d9aee-5b26-460a-a9cf-eeb6c86857f5","historyId":"c9ad48af3b57e3e67abf435e57eb8ea0","fullName":"As a customer, I am loggin and I want to shop: Add product to cart","labels":[{"name":"tag","value":"TEST_OF-831"},{"name":"host","value":"LAPTOP-J82CM7TK"},{"name":"thread","value":"8644@LAPTOP-J82CM7TK.main(1)"},{"name":"feature","value":"As a customer, I am loggin and I want to shop"},{"name":"story","value":"Add product to cart"},{"name":"suite","value":"As a customer, I am loggin and I want to shop"},{"name":"testClass","value":"Add product to cart"},{"name":"framework","value":"cucumber4jvm"},{"name":"language","value":"java"},{"name":"gherkin_uri","value":"file:///C:/Users/Pawk69/Documents/Zenity-Offshore/Selenium/ZtrainWeb_Selenium/./src/test/resources/features/home.feature"},{"name":"package","value":"src.test.resources.features.home_feature.As a customer, I am loggin and I want to shop"}],"links":[],"name":"Add product to cart","status":"failed","statusDetails":{"known":false,"muted":false,"flaky":false,"message":"expected [T-shirt en coto] but found [false]","trace":"java.lang.AssertionError: expected [T-shirt en coto] but found [false]\r\n\tat org.testng.Assert.fail(Assert.java:110)\r\n\tat org.testng.Assert.failNotEquals(Assert.java:1413)\r\n\tat org.testng.Assert.assertEqualsImpl(Assert.java:149)\r\n\tat org.testng.Assert.assertEquals(Assert.java:131)\r\n\tat org.testng.Assert.assertEquals(Assert.java:643)\r\n\tat com.ztrain.steps.HomeSteps.theProductShouldBeVisibleInTheCard(HomeSteps.java:59)\r\n\tat ✽.The product should be visible in the card(file:///C:/Users/Pawk69/Documents/Zenity-Offshore/Selenium/ZtrainWeb_Selenium/./src/test/resources/features/home.feature:19)\r\n"},"stage":"finished","steps":[{"name":"Given  User is on the homepage","status":"passed","statusDetails":{"known":false,"muted":false,"flaky":false},"stage":"finished","steps":[],"attachments":[{"name":"Data table","source":"f31ddbee-8ce6-4954-9984-45f59e83a82d-attachment.csv","type":"text/tab-separated-values"}],"parameters":[],"start":1653995646420,"stop":1653995651354},{"name":"When  User clicks on a product","status":"passed","statusDetails":{"known":false,"muted":false,"flaky":false},"stage":"finished","steps":[],"attachments":[],"parameters":[],"start":1653995651355,"stop":1653995654316},{"name":"And  User fill in the \"0\" of the product to add and validate","status":"passed","statusDetails":{"known":false,"muted":false,"flaky":false},"stage":"finished","steps":[],"attachments":[],"parameters":[],"start":1653995654317,"stop":1653995654667},{"name":"And  User clicks on card icon","status":"passed","statusDetails":{"known":false,"muted":false,"flaky":false},"stage":"finished","steps":[],"attachments":[],"parameters":[],"start":1653995654667,"stop":1653995654952},{"name":"Then  The product should be visible in the card","status":"failed","statusDetails":{"known":false,"muted":false,"flaky":false,"message":"expected [T-shirt en coto] but found [false]","trace":"java.lang.AssertionError: expected [T-shirt en coto] but found [false]\r\n\tat org.testng.Assert.fail(Assert.java:110)\r\n\tat org.testng.Assert.failNotEquals(Assert.java:1413)\r\n\tat org.testng.Assert.assertEqualsImpl(Assert.java:149)\r\n\tat org.testng.Assert.assertEquals(Assert.java:131)\r\n\tat org.testng.Assert.assertEquals(Assert.java:643)\r\n\tat com.ztrain.steps.HomeSteps.theProductShouldBeVisibleInTheCard(HomeSteps.java:59)\r\n\tat ✽.The product should be visible in the card(file:///C:/Users/Pawk69/Documents/Zenity-Offshore/Selenium/ZtrainWeb_Selenium/./src/test/resources/features/home.feature:19)\r\n"},"stage":"finished","steps":[],"attachments":[],"parameters":[],"start":1653995654952,"stop":1653995655085}],"attachments":[],"parameters":[{"name":"quantity","value":"0"}],"start":1653995646407,"stop":1653995655089}