{"uuid":"405c5777-dc63-45e2-93f6-95d3f3859781","historyId":"100342b267ed0f5705d732217cbe9f1a","fullName":"As a customer, I am loggin and I want to shop: Delete product to card","labels":[{"name":"tag","value":"TEST_OF-839"},{"name":"host","value":"LAPTOP-J82CM7TK"},{"name":"thread","value":"26860@LAPTOP-J82CM7TK.main(1)"},{"name":"feature","value":"As a customer, I am loggin and I want to shop"},{"name":"story","value":"Delete product to card"},{"name":"suite","value":"As a customer, I am loggin and I want to shop"},{"name":"testClass","value":"Delete product to card"},{"name":"framework","value":"cucumber4jvm"},{"name":"language","value":"java"},{"name":"gherkin_uri","value":"file:///C:/Users/Pawk69/Documents/Zenity-Offshore/Selenium/ZtrainWeb_Selenium/./src/test/resources/features/home.feature"},{"name":"package","value":"src.test.resources.features.home_feature.As a customer, I am loggin and I want to shop"}],"links":[],"name":"Delete product to card","status":"failed","statusDetails":{"known":false,"muted":false,"flaky":false,"message":"expected [55.78] but found [82.75]","trace":"java.lang.AssertionError: expected [55.78] but found [82.75]\r\n\tat org.testng.Assert.fail(Assert.java:110)\r\n\tat org.testng.Assert.failNotEquals(Assert.java:1413)\r\n\tat org.testng.Assert.assertEqualsImpl(Assert.java:149)\r\n\tat org.testng.Assert.assertEquals(Assert.java:131)\r\n\tat org.testng.Assert.assertEquals(Assert.java:772)\r\n\tat com.ztrain.steps.HomeSteps.theProductIsNotAlreadyVisibleInTheCard(HomeSteps.java:82)\r\n\tat ✽.The product is not already visible in the card(file:///C:/Users/Pawk69/Documents/Zenity-Offshore/Selenium/ZtrainWeb_Selenium/./src/test/resources/features/home.feature:34)\r\n"},"stage":"finished","steps":[{"name":"Given  User is on the homepage","status":"passed","statusDetails":{"known":false,"muted":false,"flaky":false},"stage":"finished","steps":[],"attachments":[{"name":"Data table","source":"574eaad8-8244-46b8-9f41-b1dd7f0f9779-attachment.csv","type":"text/tab-separated-values"}],"parameters":[],"start":1654097136687,"stop":1654097191080},{"name":"When  User adds products to cart","status":"passed","statusDetails":{"known":false,"muted":false,"flaky":false},"stage":"finished","steps":[],"attachments":[],"parameters":[],"start":1654097191080,"stop":1654097193820},{"name":"And  User clicks on card icon","status":"passed","statusDetails":{"known":false,"muted":false,"flaky":false},"stage":"finished","steps":[],"attachments":[],"parameters":[],"start":1654097193820,"stop":1654097194695},{"name":"And  User clicks on delete icon of product","status":"passed","statusDetails":{"known":false,"muted":false,"flaky":false},"stage":"finished","steps":[],"attachments":[],"parameters":[],"start":1654097194695,"stop":1654097195082},{"name":"Then  The product is not already visible in the card","status":"failed","statusDetails":{"known":false,"muted":false,"flaky":false,"message":"expected [55.78] but found [82.75]","trace":"java.lang.AssertionError: expected [55.78] but found [82.75]\r\n\tat org.testng.Assert.fail(Assert.java:110)\r\n\tat org.testng.Assert.failNotEquals(Assert.java:1413)\r\n\tat org.testng.Assert.assertEqualsImpl(Assert.java:149)\r\n\tat org.testng.Assert.assertEquals(Assert.java:131)\r\n\tat org.testng.Assert.assertEquals(Assert.java:772)\r\n\tat com.ztrain.steps.HomeSteps.theProductIsNotAlreadyVisibleInTheCard(HomeSteps.java:82)\r\n\tat ✽.The product is not already visible in the card(file:///C:/Users/Pawk69/Documents/Zenity-Offshore/Selenium/ZtrainWeb_Selenium/./src/test/resources/features/home.feature:34)\r\n"},"stage":"finished","steps":[],"attachments":[],"parameters":[],"start":1654097195082,"stop":1654097195110}],"attachments":[],"parameters":[],"start":1654097136686,"stop":1654097195110}