{"uuid":"7969d1d4-628f-4bc2-9d91-9ebdbc3cb810","historyId":"c9ad48af3b57e3e67abf435e57eb8ea0","fullName":"As a customer, I am loggin and I want to shop: Add product to cart","labels":[{"name":"tag","value":"TEST_OF-831"},{"name":"host","value":"LAPTOP-J82CM7TK"},{"name":"thread","value":"4920@LAPTOP-J82CM7TK.main(1)"},{"name":"feature","value":"As a customer, I am loggin and I want to shop"},{"name":"story","value":"Add product to cart"},{"name":"suite","value":"As a customer, I am loggin and I want to shop"},{"name":"testClass","value":"Add product to cart"},{"name":"framework","value":"cucumber4jvm"},{"name":"language","value":"java"},{"name":"gherkin_uri","value":"file:///C:/Users/Pawk69/Documents/Zenity-Offshore/Selenium/ZtrainWeb_Selenium/./src/test/resources/features/home.feature"},{"name":"package","value":"src.test.resources.features.home_feature.As a customer, I am loggin and I want to shop"}],"links":[],"name":"Add product to cart","status":"failed","statusDetails":{"known":false,"muted":false,"flaky":false,"message":"expected [true] but found [T-shirt en coto]","trace":"java.lang.AssertionError: expected [true] but found [T-shirt en coto]\r\n\tat org.testng.Assert.fail(Assert.java:110)\r\n\tat org.testng.Assert.failNotEquals(Assert.java:1413)\r\n\tat org.testng.Assert.assertEqualsImpl(Assert.java:149)\r\n\tat org.testng.Assert.assertEquals(Assert.java:131)\r\n\tat org.testng.Assert.assertEquals(Assert.java:643)\r\n\tat com.ztrain.steps.HomeSteps.theProductShouldBeVisibleInTheCard(HomeSteps.java:59)\r\n\tat ✽.The product should be visible in the card(file:///C:/Users/Pawk69/Documents/Zenity-Offshore/Selenium/ZtrainWeb_Selenium/./src/test/resources/features/home.feature:19)\r\n"},"stage":"finished","steps":[{"name":"Given  User is on the homepage","status":"passed","statusDetails":{"known":false,"muted":false,"flaky":false},"stage":"finished","steps":[],"attachments":[{"name":"Data table","source":"b15f5239-f3ea-4d7c-8a69-856df23f2558-attachment.csv","type":"text/tab-separated-values"}],"parameters":[],"start":1653995709756,"stop":1653995714146},{"name":"When  User clicks on a product","status":"passed","statusDetails":{"known":false,"muted":false,"flaky":false},"stage":"finished","steps":[],"attachments":[],"parameters":[],"start":1653995714146,"stop":1653995717080},{"name":"And  User fill in the \"0\" of the product to add and validate","status":"passed","statusDetails":{"known":false,"muted":false,"flaky":false},"stage":"finished","steps":[],"attachments":[],"parameters":[],"start":1653995717080,"stop":1653995717402},{"name":"And  User clicks on card icon","status":"passed","statusDetails":{"known":false,"muted":false,"flaky":false},"stage":"finished","steps":[],"attachments":[],"parameters":[],"start":1653995717402,"stop":1653995717697},{"name":"Then  The product should be visible in the card","status":"failed","statusDetails":{"known":false,"muted":false,"flaky":false,"message":"expected [true] but found [T-shirt en coto]","trace":"java.lang.AssertionError: expected [true] but found [T-shirt en coto]\r\n\tat org.testng.Assert.fail(Assert.java:110)\r\n\tat org.testng.Assert.failNotEquals(Assert.java:1413)\r\n\tat org.testng.Assert.assertEqualsImpl(Assert.java:149)\r\n\tat org.testng.Assert.assertEquals(Assert.java:131)\r\n\tat org.testng.Assert.assertEquals(Assert.java:643)\r\n\tat com.ztrain.steps.HomeSteps.theProductShouldBeVisibleInTheCard(HomeSteps.java:59)\r\n\tat ✽.The product should be visible in the card(file:///C:/Users/Pawk69/Documents/Zenity-Offshore/Selenium/ZtrainWeb_Selenium/./src/test/resources/features/home.feature:19)\r\n"},"stage":"finished","steps":[],"attachments":[],"parameters":[],"start":1653995717698,"stop":1653995717844}],"attachments":[],"parameters":[{"name":"quantity","value":"0"}],"start":1653995709744,"stop":1653995717846}