{"uuid":"95fbc345-4707-4548-9003-87b2a0a720ac","historyId":"100342b267ed0f5705d732217cbe9f1a","fullName":"As a customer, I am loggin and I want to shop: Delete product to card","labels":[{"name":"tag","value":"TEST_OF-839"},{"name":"host","value":"LAPTOP-J82CM7TK"},{"name":"thread","value":"19032@LAPTOP-J82CM7TK.main(1)"},{"name":"feature","value":"As a customer, I am loggin and I want to shop"},{"name":"story","value":"Delete product to card"},{"name":"suite","value":"As a customer, I am loggin and I want to shop"},{"name":"testClass","value":"Delete product to card"},{"name":"framework","value":"cucumber4jvm"},{"name":"language","value":"java"},{"name":"gherkin_uri","value":"file:///C:/Users/Pawk69/Documents/Zenity-Offshore/Selenium/ZtrainWeb_Selenium/./src/test/resources/features/home.feature"},{"name":"package","value":"src.test.resources.features.home_feature.As a customer, I am loggin and I want to shop"}],"links":[],"name":"Delete product to card","status":"failed","statusDetails":{"known":false,"muted":false,"flaky":false,"message":"expected [8.990000000000002] but found [36.88]","trace":"java.lang.AssertionError: expected [8.990000000000002] but found [36.88]\r\n\tat org.testng.Assert.fail(Assert.java:110)\r\n\tat org.testng.Assert.failNotEquals(Assert.java:1413)\r\n\tat org.testng.Assert.assertEqualsImpl(Assert.java:149)\r\n\tat org.testng.Assert.assertEquals(Assert.java:131)\r\n\tat org.testng.Assert.assertEquals(Assert.java:772)\r\n\tat com.ztrain.steps.HomeSteps.theProductIsNotAlreadyVisibleInTheCard(HomeSteps.java:82)\r\n\tat ✽.The product is not already visible in the card(file:///C:/Users/Pawk69/Documents/Zenity-Offshore/Selenium/ZtrainWeb_Selenium/./src/test/resources/features/home.feature:34)\r\n"},"stage":"finished","steps":[{"name":"Given  User is on the homepage","status":"passed","statusDetails":{"known":false,"muted":false,"flaky":false},"stage":"finished","steps":[],"attachments":[{"name":"Data table","source":"5d26ea9f-d4ce-477b-8b45-ac0f13d325cf-attachment.csv","type":"text/tab-separated-values"}],"parameters":[],"start":1654096652305,"stop":1654096704039},{"name":"When  User adds products to cart","status":"passed","statusDetails":{"known":false,"muted":false,"flaky":false},"stage":"finished","steps":[],"attachments":[],"parameters":[],"start":1654096704040,"stop":1654096706702},{"name":"And  User clicks on card icon","status":"passed","statusDetails":{"known":false,"muted":false,"flaky":false},"stage":"finished","steps":[],"attachments":[],"parameters":[],"start":1654096706702,"stop":1654096709035},{"name":"And  User clicks on delete icon of product","status":"passed","statusDetails":{"known":false,"muted":false,"flaky":false},"stage":"finished","steps":[],"attachments":[],"parameters":[],"start":1654096709036,"stop":1654096709319},{"name":"Then  The product is not already visible in the card","status":"failed","statusDetails":{"known":false,"muted":false,"flaky":false,"message":"expected [8.990000000000002] but found [36.88]","trace":"java.lang.AssertionError: expected [8.990000000000002] but found [36.88]\r\n\tat org.testng.Assert.fail(Assert.java:110)\r\n\tat org.testng.Assert.failNotEquals(Assert.java:1413)\r\n\tat org.testng.Assert.assertEqualsImpl(Assert.java:149)\r\n\tat org.testng.Assert.assertEquals(Assert.java:131)\r\n\tat org.testng.Assert.assertEquals(Assert.java:772)\r\n\tat com.ztrain.steps.HomeSteps.theProductIsNotAlreadyVisibleInTheCard(HomeSteps.java:82)\r\n\tat ✽.The product is not already visible in the card(file:///C:/Users/Pawk69/Documents/Zenity-Offshore/Selenium/ZtrainWeb_Selenium/./src/test/resources/features/home.feature:34)\r\n"},"stage":"finished","steps":[],"attachments":[],"parameters":[],"start":1654096709319,"stop":1654096709336}],"attachments":[],"parameters":[],"start":1654096652304,"stop":1654096709337}