{"uuid":"a080c858-2ead-46b0-b9a4-8c48e1e48ab6","historyId":"85a4db590ba61fa9f737868957678d58","fullName":"As a customer, I am loggin and I want to shop: Delete product to card","labels":[{"name":"tag","value":"TEST_OF-839"},{"name":"host","value":"LAPTOP-J82CM7TK"},{"name":"thread","value":"23824@LAPTOP-J82CM7TK.main(1)"},{"name":"feature","value":"As a customer, I am loggin and I want to shop"},{"name":"story","value":"Delete product to card"},{"name":"suite","value":"As a customer, I am loggin and I want to shop"},{"name":"testClass","value":"Delete product to card"},{"name":"framework","value":"cucumber4jvm"},{"name":"language","value":"java"},{"name":"gherkin_uri","value":"file:///C:/Users/Pawk69/Documents/Zenity-Offshore/Selenium/ZtrainWeb_Selenium/./src/test/resources/features/home.feature"},{"name":"package","value":"src.test.resources.features.home_feature.As a customer, I am loggin and I want to shop"}],"links":[],"name":"Delete product to card","status":"failed","statusDetails":{"known":false,"muted":false,"flaky":false,"message":"expected [55.779999999999994] but found [91.74]","trace":"java.lang.AssertionError: expected [55.779999999999994] but found [91.74]\r\n\tat org.testng.Assert.fail(Assert.java:110)\r\n\tat org.testng.Assert.failNotEquals(Assert.java:1413)\r\n\tat org.testng.Assert.assertEqualsImpl(Assert.java:149)\r\n\tat org.testng.Assert.assertEquals(Assert.java:131)\r\n\tat org.testng.Assert.assertEquals(Assert.java:772)\r\n\tat com.ztrain.steps.HomeSteps.theProductIsNotAlreadyVisibleInTheCard(HomeSteps.java:82)\r\n\tat ✽.The product is not already visible in the card(file:///C:/Users/Pawk69/Documents/Zenity-Offshore/Selenium/ZtrainWeb_Selenium/./src/test/resources/features/home.feature:26)\r\n"},"stage":"finished","steps":[{"name":"Given  User is on the homepage","status":"passed","statusDetails":{"known":false,"muted":false,"flaky":false},"stage":"finished","steps":[],"attachments":[{"name":"Data table","source":"03bb8ccf-ff83-4b55-9dc1-f86bd5f3e53d-attachment.csv","type":"text/tab-separated-values"}],"parameters":[],"start":1654083525553,"stop":1654083527330},{"name":"When  User adds products to cart","status":"passed","statusDetails":{"known":false,"muted":false,"flaky":false},"stage":"finished","steps":[],"attachments":[],"parameters":[],"start":1654083527330,"stop":1654083528953},{"name":"And  User clicks on card icon","status":"passed","statusDetails":{"known":false,"muted":false,"flaky":false},"stage":"finished","steps":[],"attachments":[],"parameters":[],"start":1654083528953,"stop":1654083529773},{"name":"And  User clicks on delete icon of product","status":"passed","statusDetails":{"known":false,"muted":false,"flaky":false},"stage":"finished","steps":[],"attachments":[],"parameters":[],"start":1654083529774,"stop":1654083530063},{"name":"Then  The product is not already visible in the card","status":"failed","statusDetails":{"known":false,"muted":false,"flaky":false,"message":"expected [55.779999999999994] but found [91.74]","trace":"java.lang.AssertionError: expected [55.779999999999994] but found [91.74]\r\n\tat org.testng.Assert.fail(Assert.java:110)\r\n\tat org.testng.Assert.failNotEquals(Assert.java:1413)\r\n\tat org.testng.Assert.assertEqualsImpl(Assert.java:149)\r\n\tat org.testng.Assert.assertEquals(Assert.java:131)\r\n\tat org.testng.Assert.assertEquals(Assert.java:772)\r\n\tat com.ztrain.steps.HomeSteps.theProductIsNotAlreadyVisibleInTheCard(HomeSteps.java:82)\r\n\tat ✽.The product is not already visible in the card(file:///C:/Users/Pawk69/Documents/Zenity-Offshore/Selenium/ZtrainWeb_Selenium/./src/test/resources/features/home.feature:26)\r\n"},"stage":"finished","steps":[],"attachments":[],"parameters":[],"start":1654083530063,"stop":1654083530085}],"attachments":[],"parameters":[],"start":1654083525552,"stop":1654083530085}