{"uuid":"bc24090b-df7b-4430-af0e-bd81e4f7a6fe","historyId":"9a0405688a5b136e989ca93bd3fb56ad","fullName":"As a customer, I am loggin and I want to shop: Delete product to card","labels":[{"name":"tag","value":"TEST_OF-839"},{"name":"host","value":"LAPTOP-J82CM7TK"},{"name":"thread","value":"11756@LAPTOP-J82CM7TK.main(1)"},{"name":"feature","value":"As a customer, I am loggin and I want to shop"},{"name":"story","value":"Delete product to card"},{"name":"suite","value":"As a customer, I am loggin and I want to shop"},{"name":"testClass","value":"Delete product to card"},{"name":"framework","value":"cucumber4jvm"},{"name":"language","value":"java"},{"name":"gherkin_uri","value":"file:///C:/Users/Pawk69/Documents/Zenity-Offshore/Selenium/ZtrainWeb_Selenium/./src/test/resources/features/home.feature"},{"name":"package","value":"src.test.resources.features.home_feature.As a customer, I am loggin and I want to shop"}],"links":[],"name":"Delete product to card","status":"failed","statusDetails":{"known":false,"muted":false,"flaky":false,"message":"expected [8.990000000000002] but found [36.88]","trace":"java.lang.AssertionError: expected [8.990000000000002] but found [36.88]\r\n\tat org.testng.Assert.fail(Assert.java:110)\r\n\tat org.testng.Assert.failNotEquals(Assert.java:1413)\r\n\tat org.testng.Assert.assertEqualsImpl(Assert.java:149)\r\n\tat org.testng.Assert.assertEquals(Assert.java:131)\r\n\tat org.testng.Assert.assertEquals(Assert.java:772)\r\n\tat com.ztrain.steps.HomeSteps.theProductIsNotAlreadyVisibleInTheCard(HomeSteps.java:82)\r\n\tat ✽.The product is not already visible in the card(file:///C:/Users/Pawk69/Documents/Zenity-Offshore/Selenium/ZtrainWeb_Selenium/./src/test/resources/features/home.feature:33)\r\n"},"stage":"finished","steps":[{"name":"Given  User is on the homepage","status":"passed","statusDetails":{"known":false,"muted":false,"flaky":false},"stage":"finished","steps":[],"attachments":[{"name":"Data table","source":"207ab5ca-88b2-4a9f-9706-da4ea9385dd9-attachment.csv","type":"text/tab-separated-values"}],"parameters":[],"start":1654089547803,"stop":1654089548784},{"name":"When  User adds products to cart","status":"passed","statusDetails":{"known":false,"muted":false,"flaky":false},"stage":"finished","steps":[],"attachments":[],"parameters":[],"start":1654089548785,"stop":1654089550417},{"name":"And  User clicks on card icon","status":"passed","statusDetails":{"known":false,"muted":false,"flaky":false},"stage":"finished","steps":[],"attachments":[],"parameters":[],"start":1654089550418,"stop":1654089552237},{"name":"And  User clicks on delete icon of product","status":"passed","statusDetails":{"known":false,"muted":false,"flaky":false},"stage":"finished","steps":[],"attachments":[],"parameters":[],"start":1654089552237,"stop":1654089552518},{"name":"Then  The product is not already visible in the card","status":"failed","statusDetails":{"known":false,"muted":false,"flaky":false,"message":"expected [8.990000000000002] but found [36.88]","trace":"java.lang.AssertionError: expected [8.990000000000002] but found [36.88]\r\n\tat org.testng.Assert.fail(Assert.java:110)\r\n\tat org.testng.Assert.failNotEquals(Assert.java:1413)\r\n\tat org.testng.Assert.assertEqualsImpl(Assert.java:149)\r\n\tat org.testng.Assert.assertEquals(Assert.java:131)\r\n\tat org.testng.Assert.assertEquals(Assert.java:772)\r\n\tat com.ztrain.steps.HomeSteps.theProductIsNotAlreadyVisibleInTheCard(HomeSteps.java:82)\r\n\tat ✽.The product is not already visible in the card(file:///C:/Users/Pawk69/Documents/Zenity-Offshore/Selenium/ZtrainWeb_Selenium/./src/test/resources/features/home.feature:33)\r\n"},"stage":"finished","steps":[],"attachments":[],"parameters":[],"start":1654089552519,"stop":1654089552534}],"attachments":[],"parameters":[],"start":1654089547803,"stop":1654089552535}