{"uuid":"bd485757-6942-4fa3-8b8b-d88f91e44cfc","historyId":"8b0e34e4215719aef3d4d057ec643af5","fullName":"As a customer, I am loggin and I want to shop: Delete product to card","labels":[{"name":"tag","value":"TEST_OF-839"},{"name":"host","value":"LAPTOP-J82CM7TK"},{"name":"thread","value":"1820@LAPTOP-J82CM7TK.main(1)"},{"name":"feature","value":"As a customer, I am loggin and I want to shop"},{"name":"story","value":"Delete product to card"},{"name":"suite","value":"As a customer, I am loggin and I want to shop"},{"name":"testClass","value":"Delete product to card"},{"name":"framework","value":"cucumber4jvm"},{"name":"language","value":"java"},{"name":"gherkin_uri","value":"file:///C:/Users/Pawk69/Documents/Zenity-Offshore/Selenium/ZtrainWeb_Selenium/./src/test/resources/features/home.feature"},{"name":"package","value":"src.test.resources.features.home_feature.As a customer, I am loggin and I want to shop"}],"links":[],"name":"Delete product to card","status":"failed","statusDetails":{"known":false,"muted":false,"flaky":false,"message":"expected [8.990000000000002] but found [36.88]","trace":"java.lang.AssertionError: expected [8.990000000000002] but found [36.88]\r\n\tat org.testng.Assert.fail(Assert.java:110)\r\n\tat org.testng.Assert.failNotEquals(Assert.java:1413)\r\n\tat org.testng.Assert.assertEqualsImpl(Assert.java:149)\r\n\tat org.testng.Assert.assertEquals(Assert.java:131)\r\n\tat org.testng.Assert.assertEquals(Assert.java:772)\r\n\tat com.ztrain.steps.HomeSteps.theProductIsNotAlreadyVisibleInTheCard(HomeSteps.java:77)\r\n\tat ✽.The product is not already visible in the card(file:///C:/Users/Pawk69/Documents/Zenity-Offshore/Selenium/ZtrainWeb_Selenium/./src/test/resources/features/home.feature:30)\r\n"},"stage":"finished","steps":[{"name":"Given  User is on the homepage","status":"passed","statusDetails":{"known":false,"muted":false,"flaky":false},"stage":"finished","steps":[],"attachments":[{"name":"Data table","source":"d238a50d-f49f-4930-9eb1-caadc5a064ec-attachment.csv","type":"text/tab-separated-values"}],"parameters":[],"start":1654074768025,"stop":1654074775056},{"name":"When  User adds products to cart","status":"passed","statusDetails":{"known":false,"muted":false,"flaky":false},"stage":"finished","steps":[],"attachments":[],"parameters":[],"start":1654074775058,"stop":1654074780594},{"name":"And  User clicks on card icon","status":"passed","statusDetails":{"known":false,"muted":false,"flaky":false},"stage":"finished","steps":[],"attachments":[],"parameters":[],"start":1654074780595,"stop":1654074782564},{"name":"And  User clicks on delete icon of product","status":"passed","statusDetails":{"known":false,"muted":false,"flaky":false},"stage":"finished","steps":[],"attachments":[],"parameters":[],"start":1654074782564,"stop":1654074782905},{"name":"Then  The product is not already visible in the card","status":"failed","statusDetails":{"known":false,"muted":false,"flaky":false,"message":"expected [8.990000000000002] but found [36.88]","trace":"java.lang.AssertionError: expected [8.990000000000002] but found [36.88]\r\n\tat org.testng.Assert.fail(Assert.java:110)\r\n\tat org.testng.Assert.failNotEquals(Assert.java:1413)\r\n\tat org.testng.Assert.assertEqualsImpl(Assert.java:149)\r\n\tat org.testng.Assert.assertEquals(Assert.java:131)\r\n\tat org.testng.Assert.assertEquals(Assert.java:772)\r\n\tat com.ztrain.steps.HomeSteps.theProductIsNotAlreadyVisibleInTheCard(HomeSteps.java:77)\r\n\tat ✽.The product is not already visible in the card(file:///C:/Users/Pawk69/Documents/Zenity-Offshore/Selenium/ZtrainWeb_Selenium/./src/test/resources/features/home.feature:30)\r\n"},"stage":"finished","steps":[],"attachments":[],"parameters":[],"start":1654074782906,"stop":1654074782943}],"attachments":[],"parameters":[],"start":1654074768006,"stop":1654074782947}