{"uuid":"dbec60ce-8938-4d81-acdc-b508d6609287","historyId":"c9ad48af3b57e3e67abf435e57eb8ea0","fullName":"As a customer, I am loggin and I want to shop: Add product to cart","labels":[{"name":"tag","value":"TEST_OF-831"},{"name":"host","value":"LAPTOP-J82CM7TK"},{"name":"thread","value":"25380@LAPTOP-J82CM7TK.main(1)"},{"name":"feature","value":"As a customer, I am loggin and I want to shop"},{"name":"story","value":"Add product to cart"},{"name":"suite","value":"As a customer, I am loggin and I want to shop"},{"name":"testClass","value":"Add product to cart"},{"name":"framework","value":"cucumber4jvm"},{"name":"language","value":"java"},{"name":"gherkin_uri","value":"file:///C:/Users/Pawk69/Documents/Zenity-Offshore/Selenium/ZtrainWeb_Selenium/./src/test/resources/features/home.feature"},{"name":"package","value":"src.test.resources.features.home_feature.As a customer, I am loggin and I want to shop"}],"links":[],"name":"Add product to cart","status":"failed","statusDetails":{"known":false,"muted":false,"flaky":false,"message":"expected [] but found [T-shirt en coto]","trace":"java.lang.AssertionError: expected [] but found [T-shirt en coto]\r\n\tat org.testng.Assert.fail(Assert.java:110)\r\n\tat org.testng.Assert.failNotEquals(Assert.java:1413)\r\n\tat org.testng.Assert.assertEqualsImpl(Assert.java:149)\r\n\tat org.testng.Assert.assertEquals(Assert.java:131)\r\n\tat org.testng.Assert.assertEquals(Assert.java:655)\r\n\tat org.testng.Assert.assertEquals(Assert.java:665)\r\n\tat com.ztrain.steps.HomeSteps.theProductShouldBeVisibleInTheCard(HomeSteps.java:59)\r\n\tat ✽.The product should be visible in the card(file:///C:/Users/Pawk69/Documents/Zenity-Offshore/Selenium/ZtrainWeb_Selenium/./src/test/resources/features/home.feature:19)\r\n"},"stage":"finished","steps":[{"name":"Given  User is on the homepage","status":"passed","statusDetails":{"known":false,"muted":false,"flaky":false},"stage":"finished","steps":[],"attachments":[{"name":"Data table","source":"d8c5e20d-c355-4470-9867-a32623a375a9-attachment.csv","type":"text/tab-separated-values"}],"parameters":[],"start":1653997410649,"stop":1653997415425},{"name":"When  User clicks on a product","status":"passed","statusDetails":{"known":false,"muted":false,"flaky":false},"stage":"finished","steps":[],"attachments":[],"parameters":[],"start":1653997415426,"stop":1653997418411},{"name":"And  User fill in the \"0\" of the product to add and validate","status":"passed","statusDetails":{"known":false,"muted":false,"flaky":false},"stage":"finished","steps":[],"attachments":[],"parameters":[],"start":1653997418412,"stop":1653997418764},{"name":"And  User clicks on card icon","status":"passed","statusDetails":{"known":false,"muted":false,"flaky":false},"stage":"finished","steps":[],"attachments":[],"parameters":[],"start":1653997418765,"stop":1653997419332},{"name":"Then  The product should be visible in the card","status":"failed","statusDetails":{"known":false,"muted":false,"flaky":false,"message":"expected [] but found [T-shirt en coto]","trace":"java.lang.AssertionError: expected [] but found [T-shirt en coto]\r\n\tat org.testng.Assert.fail(Assert.java:110)\r\n\tat org.testng.Assert.failNotEquals(Assert.java:1413)\r\n\tat org.testng.Assert.assertEqualsImpl(Assert.java:149)\r\n\tat org.testng.Assert.assertEquals(Assert.java:131)\r\n\tat org.testng.Assert.assertEquals(Assert.java:655)\r\n\tat org.testng.Assert.assertEquals(Assert.java:665)\r\n\tat com.ztrain.steps.HomeSteps.theProductShouldBeVisibleInTheCard(HomeSteps.java:59)\r\n\tat ✽.The product should be visible in the card(file:///C:/Users/Pawk69/Documents/Zenity-Offshore/Selenium/ZtrainWeb_Selenium/./src/test/resources/features/home.feature:19)\r\n"},"stage":"finished","steps":[],"attachments":[],"parameters":[],"start":1653997419332,"stop":1653997419359}],"attachments":[],"parameters":[{"name":"quantity","value":"0"}],"start":1653997410634,"stop":1653997419365}